Watching for file changes with StatReloader
Performing system checks...

System check identified some issues:

WARNINGS:
todos.Todo: (models.W042) Auto-created primary key used when not defining a primary key type, by default 'django.db.models.AutoField'.
	HINT: Configure the DEFAULT_AUTO_FIELD setting or the TodosConfig.default_auto_field attribute to point to a subclass of AutoField, e.g. 'django.db.models.BigAutoField'.

System check identified 1 issue (0 silenced).
September 18, 2022 - 00:27:59
Django version 4.1.1, using settings 'todoApp.settings'
Starting development server at http://0.0.0.0:8001/
Quit the server with CONTROL-C.
Watching for file changes with StatReloader
Performing system checks...

System check identified some issues:

WARNINGS:
todos.Todo: (models.W042) Auto-created primary key used when not defining a primary key type, by default 'django.db.models.AutoField'.
	HINT: Configure the DEFAULT_AUTO_FIELD setting or the TodosConfig.default_auto_field attribute to point to a subclass of AutoField, e.g. 'django.db.models.BigAutoField'.

System check identified 1 issue (0 silenced).
September 18, 2022 - 00:30:07
Django version 4.1.1, using settings 'todoApp.settings'
Starting development server at http://0.0.0.0:8001/
Quit the server with CONTROL-C.
[18/Sep/2022 00:30:21] "GET /todos/ HTTP/1.1" 200 2328
[18/Sep/2022 00:30:21] "GET /static/css/style.css HTTP/1.1" 304 0
[18/Sep/2022 00:30:32] "POST /todos/add/ HTTP/1.1" 302 0
[18/Sep/2022 00:30:32] "GET /todos/ HTTP/1.1" 200 2903
[18/Sep/2022 00:30:37] "GET /todos/24/delete HTTP/1.1" 302 0
[18/Sep/2022 00:30:38] "GET /todos/ HTTP/1.1" 200 2328
[18/Sep/2022 00:34:37] "GET /todos/ HTTP/1.1" 200 2328
[18/Sep/2022 00:34:39] "GET /static/css/style.css HTTP/1.1" 304 0
[18/Sep/2022 00:39:55] "GET /todos/ HTTP/1.1" 200 2328
[18/Sep/2022 00:39:56] "GET /static/css/style.css HTTP/1.1" 200 225
[18/Sep/2022 00:39:57] "GET /todos/ HTTP/1.1" 200 2328
Not Found: /favicon.ico
[18/Sep/2022 00:39:57] "GET /favicon.ico HTTP/1.1" 404 2573
[18/Sep/2022 00:39:59] "GET /static/css/style.css HTTP/1.1" 200 225
[18/Sep/2022 00:40:12] "POST /todos/add/ HTTP/1.1" 302 0
[18/Sep/2022 00:40:12] "GET /todos/ HTTP/1.1" 200 2904
[18/Sep/2022 00:40:16] "POST /todos/25/update HTTP/1.1" 302 0
[18/Sep/2022 00:40:16] "GET /todos/ HTTP/1.1" 200 2941
[18/Sep/2022 00:40:18] "GET /todos/25/delete HTTP/1.1" 302 0
[18/Sep/2022 00:40:19] "GET /todos/ HTTP/1.1" 200 2328
[18/Sep/2022 00:40:23] "POST /todos/add/ HTTP/1.1" 302 0
[18/Sep/2022 00:40:23] "GET /todos/ HTTP/1.1" 200 2904
[18/Sep/2022 00:40:27] "GET /todos/26/delete HTTP/1.1" 302 0
[18/Sep/2022 00:40:27] "GET /todos/ HTTP/1.1" 200 2328
Not Found: /todos/26/delete
[18/Sep/2022 00:40:27] "GET /todos/26/delete HTTP/1.1" 404 2535
[18/Sep/2022 00:46:05] "GET /todos/ HTTP/1.1" 200 2328
[18/Sep/2022 00:46:06] "GET /static/css/style.css HTTP/1.1" 304 0
[18/Sep/2022 00:46:14] "POST /todos/add/ HTTP/1.1" 302 0
[18/Sep/2022 00:46:15] "GET /todos/ HTTP/1.1" 200 2903
[18/Sep/2022 00:50:24] "GET /todos/ HTTP/1.1" 200 2903
Unknown command: '0.0.0.0:8001'
Type 'manage.py help' for usage.
